Flutter crash report; please file at https://github.com/flutter/flutter/issues.

## command

flutter run

## exception

String: Exit code 74 from: /usr/bin/xcodebuild -project /Users/santhoshvai/projects/Thirukural/ios/Runner.xcodeproj -target Runner -showBuildSettings

```
#0      _runWithLoggingSync (package:flutter_tools/src/base/process.dart:341)
#1      runCheckedSync (package:flutter_tools/src/base/process.dart:273)
#2      getXcodeBuildSettings (package:flutter_tools/src/ios/xcodeproj.dart:72)
#3      new IOSApp.fromCurrentDirectory (package:flutter_tools/src/application_package.dart:184)
#4      getApplicationPackageForPlatform (package:flutter_tools/src/application_package.dart:270)
<asynchronous suspension>
#5      FlutterDevice.runHot (package:flutter_tools/src/resident_runner.dart:255)
<asynchronous suspension>
#6      HotRunner.run (package:flutter_tools/src/run_hot.dart:218)
<asynchronous suspension>
#7      RunCommand.runCommand (package:flutter_tools/src/commands/run.dart:342)
<asynchronous suspension>
#8      FlutterCommand.verifyThenRunCommand (package:flutter_tools/src/runner/flutter_command.dart:278)
<asynchronous suspension>
#9      FlutterCommand.run (package:flutter_tools/src/runner/flutter_command.dart:218)
<asynchronous suspension>
#10     CommandRunner.runCommand (package:args/command_runner.dart:194)
<asynchronous suspension>
#11     FlutterCommandRunner.runCommand (package:flutter_tools/src/runner/flutter_command_runner.dart:284)
<asynchronous suspension>
#12     CommandRunner.run.<anonymous closure> (package:args/command_runner.dart:109)
#13     new Future.sync (dart:async/future.dart:222)
#14     CommandRunner.run (package:args/command_runner.dart:109)
#15     FlutterCommandRunner.run (package:flutter_tools/src/runner/flutter_command_runner.dart:166)
#16     run.<anonymous closure> (package:flutter_tools/runner.dart:89)
<asynchronous suspension>
#17     AppContext._run (package:flutter_tools/src/base/context.dart:76)
<asynchronous suspension>
#18     AppContext.runInZone.<anonymous closure> (package:flutter_tools/src/base/context.dart:66)
#19     _rootRun (dart:async/zone.dart:1126)
#20     _CustomZone.run (dart:async/zone.dart:1023)
#21     runZoned (dart:async/zone.dart:1501)
#22     AppContext.runInZone (package:flutter_tools/src/base/context.dart:65)
#23     run (package:flutter_tools/runner.dart:61)
<asynchronous suspension>
#24     main (package:flutter_tools/executable.dart:48)
<asynchronous suspension>
#25     main (file:///Users/santhoshvai/projects/flutter/packages/flutter_tools/bin/flutter_tools.dart:16)
#26     _startIsolate.<anonymous closure> (dart:isolate-patch/dart:isolate/isolate_patch.dart:277)
#27     _RawReceivePortImpl._handleMessage (dart:isolate-patch/dart:isolate/isolate_patch.dart:165)
```

## flutter doctor

```
[✓] Flutter (on Mac OS X 10.12.6 16G29, locale en-NL, channel dev)
    • Flutter version 0.1.0 at /Users/santhoshvai/projects/flutter
    • Framework revision ab4506cad2 (23 hours ago), 2018-02-09 12:21:43 -0800
    • Engine revision 337764e4ed
    • Tools Dart version 2.0.0-dev.22.0
    • Engine Dart version 2.0.0-edge.32396138ff733cbe8d9ac32178e6cffccdf80644

[✓] Android toolchain - develop for Android devices (Android SDK 27.0.3)
    • Android SDK at /Users/santhoshvai/Library/Android/sdk
    • Android NDK location not configured (optional; useful for native profiling support)
    • Platform android-27, build-tools 27.0.3
    • ANDROID_HOME = /Users/santhoshvai/Library/Android/sdk
    • Java binary at: /Applications/Android Studio.app/Contents/jre/jdk/Contents/Home/bin/java
    • Java version OpenJDK Runtime Environment (build 1.8.0_152-release-915-b08)

[✓] iOS toolchain - develop for iOS devices (Xcode 9.2)
    • Xcode at /Applications/Xcode.app/Contents/Developer
    • Xcode 9.2, Build version 9C40b
    • ios-deploy 1.9.2
    • CocoaPods version 1.4.0

[✓] Android Studio (version 3.0)
    • Android Studio at /Applications/Android Studio.app/Contents
    • Java version OpenJDK Runtime Environment (build 1.8.0_152-release-915-b08)

[✓] IntelliJ IDEA Community Edition (version 2017.2.6)
    • Flutter plugin version 21.2.2
    • Dart plugin version 172.4343.25

[!] VS Code (version 1.20.0)
    • VS Code at /Applications/Visual Studio Code.app/Contents
    • Dart Code extension not installed; install from
      https://marketplace.visualstudio.com/items?itemName=Dart-Code.dart-code

[✓] Connected devices
    • iPhone X • 7280F23B-0157-49A1-A46B-3ABD677BE4D8 • ios • iOS 11.2 (simulator)

! Doctor found issues in 1 category.
```
